[debug] [2019-10-16T19:10:15.477Z] ----------------------------------------------------------------------
[debug] [2019-10-16T19:10:15.479Z] Command:       C:\Program Files\nodejs\node.exe C:\Program Files\nodejs\node_modules\firebase-tools\lib\bin\firebase.js init
[debug] [2019-10-16T19:10:15.479Z] CLI Version:   7.6.0
[debug] [2019-10-16T19:10:15.479Z] Platform:      win32
[debug] [2019-10-16T19:10:15.479Z] Node Version:  v10.15.3
[debug] [2019-10-16T19:10:15.480Z] Time:          Wed Oct 16 2019 20:10:15 GMT+0100 (British Summer Time)
[debug] [2019-10-16T19:10:15.480Z] ----------------------------------------------------------------------
[debug] 
[debug] [2019-10-16T19:10:15.487Z] > command requires scopes: ["email","openid","https://www.googleapis.com/auth/cloudplatformprojects.readonly","https://www.googleapis.com/auth/firebase","https://www.googleapis.com/auth/cloud-platform"]
[debug] [2019-10-16T19:10:15.488Z] > authorizing via signed-in user
[info] 
     ######## #### ########  ######## ########     ###     ######  ########
     ##        ##  ##     ## ##       ##     ##  ##   ##  ##       ##
     ######    ##  ########  ######   ########  #########  ######  ######
     ##        ##  ##    ##  ##       ##     ## ##     ##       ## ##
     ##       #### ##     ## ######## ########  ##     ##  ######  ########

You're about to initialize a Firebase project in this directory:

  C:\code\NewOrbit\firebase-techtalk

Before we get started, keep in mind:

  * You are currently outside your home directory

[info] 
=== Project Setup
[info] 
[info] First, let's associate this project directory with a Firebase project.
[info] You can create multiple project aliases by running firebase use --add, 
[info] but for now we'll just set up a default project.
[info] 
[debug] [2019-10-16T19:10:34.917Z] >>> HTTP REQUEST GET https://firebase.googleapis.com/v1beta1/projects?pageSize=100  
 
[debug] [2019-10-16T19:10:35.266Z] <<< HTTP RESPONSE 200
[info] i  Using project techtalktest-a383b (techtalktest)
[info] 
=== Functions Setup
[info] 
[info] A functions directory will be created in your project with a Node.js
[info] package pre-configured. Functions can be deployed with firebase deploy.
[info] 
[debug] [2019-10-16T19:10:40.862Z] > command requires scopes: ["email","openid","https://www.googleapis.com/auth/cloudplatformprojects.readonly","https://www.googleapis.com/auth/firebase","https://www.googleapis.com/auth/cloud-platform"]
[debug] [2019-10-16T19:10:40.862Z] > authorizing via signed-in user
[debug] [2019-10-16T19:10:40.862Z] >>> HTTP REQUEST GET https://firebase.googleapis.com/v1beta1/projects/techtalktest-a383b  
 
[debug] [2019-10-16T19:10:41.062Z] <<< HTTP RESPONSE 200
[debug] [2019-10-16T19:10:41.066Z] >>> HTTP REQUEST POST https://serviceusage.googleapis.com/v1/projects/techtalktest-a383b/services/cloudfunctions.googleapis.com:enable  
 
[debug] [2019-10-16T19:10:41.066Z] >>> HTTP REQUEST POST https://serviceusage.googleapis.com/v1/projects/techtalktest-a383b/services/runtimeconfig.googleapis.com:enable  
 
[debug] [2019-10-16T19:10:42.018Z] <<< HTTP RESPONSE 200
[debug] [2019-10-16T19:10:42.018Z] <<< HTTP RESPONSE 200
[info] i  Skipping write of functions/package.json
